{"name": "Home page with three sliders only", "status": "broken", "statusDetails": {"message": "selenium.common.exceptions.TimeoutException: Message:", "trace": "self = <tests.automationtesting_tests.test_homepage.TestHomePage object at 0x1073a5590>\n\n    @allure.title(\"Home page with three sliders only\")\n    @allure.description(\"1) Open the browser\\n\"+\n            \"2) Enter the URL “http://practice.automationtesting.in/”\\n\"+\n            \"3) Click on Shop Menu\\n\"+\n            \"4) Now click on Home menu button\\n\"+\n            \"5) Test whether the Home page has Three Sliders only\\n\"+\n            \"6) The Home page must contains only three sliders\")\n    def test1_homepage_with_three_sliders_only(self):\n        global homepage\n        homepage = HomePage(self.driver)\n        homepage.open()\n        homepage.click_on_shop_menu()\n        homepage.click_on_home_menu_button()\n>       sliders_set = homepage.test_whether_home_page_has_three_sliders_only()\n\ntests/automationtesting_tests/test_homepage.py:25: \n_ _ _ _ _ _ _ _ _ _ _ _ _ _ _ _ _ _ _ _ _ _ _ _ _ _ _ _ _ _ _ _ _ _ _ _ _ _ _ _ _ _ _ _ _ _ _ _ _ _ _ _ _ _ _ _ _ _ _ _ _ _ _ _ _ _ _ _ _ _ _ _ _ _ _ _ _ _ _ _ _ _ _ _ _ _ _ _\npages/at_pages/home_page.py:29: in test_whether_home_page_has_three_sliders_only\n    driver_helper.wait_till_element_visible(*HomePageLocators.slider_image)\nutils/driver_helper.py:15: in wait_till_element_visible\n    until(EC.visibility_of_element_located((locator_type, locator_strategy)))\n_ _ _ _ _ _ _ _ _ _ _ _ _ _ _ _ _ _ _ _ _ _ _ _ _ _ _ _ _ _ _ _ _ _ _ _ _ _ _ _ _ _ _ _ _ _ _ _ _ _ _ _ _ _ _ _ _ _ _ _ _ _ _ _ _ _ _ _ _ _ _ _ _ _ _ _ _ _ _ _ _ _ _ _ _ _ _ _\n\nself = <selenium.webdriver.support.wait.WebDriverWait (session=\"22e81780f4520df9c82741b65fbd2372\")>\nmethod = <selenium.webdriver.support.expected_conditions.visibility_of_element_located object at 0x1073ab9d0>, message = ''\n\n    def until(self, method, message=''):\n        \"\"\"Calls the method provided with the driver as an argument until the \\\n        return value is not False.\"\"\"\n        screen = None\n        stacktrace = None\n    \n        end_time = time.time() + self._timeout\n        while True:\n            try:\n                value = method(self._driver)\n                if value:\n                    return value\n            except self._ignored_exceptions as exc:\n                screen = getattr(exc, 'screen', None)\n                stacktrace = getattr(exc, 'stacktrace', None)\n            time.sleep(self._poll)\n            if time.time() > end_time:\n                break\n>       raise TimeoutException(message, screen, stacktrace)\nE       selenium.common.exceptions.TimeoutException: Message:\n\nvenv/lib/python3.7/site-packages/selenium/webdriver/support/wait.py:80: TimeoutException"}, "description": "1) Open the browser\n2) Enter the URL “http://practice.automationtesting.in/”\n3) Click on Shop Menu\n4) Now click on Home menu button\n5) Test whether the Home page has Three Sliders only\n6) The Home page must contains only three sliders", "steps": [{"name": "Enter the URL “http://practice.automationtesting.in/”", "status": "passed", "start": 1642584347114, "stop": 1642584363649}, {"name": "Click on Shop Menu", "status": "passed", "start": 1642584363649, "stop": 1642584369107}, {"name": "Now click on Home menu button", "status": "passed", "start": 1642584369108, "stop": 1642584370160}, {"name": "Test whether the Home page has Three Sliders only", "status": "broken", "statusDetails": {"message": "selenium.common.exceptions.TimeoutException: Message: \n\n", "trace": "  File \"/Users/sreesairanganadh/Downloads/automation-testing/venv/lib/python3.7/site-packages/allure_commons/_allure.py\", line 157, in impl\n    return func(*a, **kw)\n  File \"/Users/sreesairanganadh/Downloads/automation-testing/pages/at_pages/home_page.py\", line 29, in test_whether_home_page_has_three_sliders_only\n    driver_helper.wait_till_element_visible(*HomePageLocators.slider_image)\n  File \"/Users/sreesairanganadh/Downloads/automation-testing/utils/driver_helper.py\", line 15, in wait_till_element_visible\n    until(EC.visibility_of_element_located((locator_type, locator_strategy)))\n  File \"/Users/sreesairanganadh/Downloads/automation-testing/venv/lib/python3.7/site-packages/selenium/webdriver/support/wait.py\", line 80, in until\n    raise TimeoutException(message, screen, stacktrace)\n"}, "start": 1642584370160, "stop": 1642584385262}], "attachments": [{"name": "log", "source": "496e141b-7b14-4e75-8421-c8f19df7fa96-attachment.txt", "type": "text/plain"}, {"name": "stdout", "source": "a17213c8-1427-484b-a67d-0b2835f77ebe-attachment.txt", "type": "text/plain"}, {"name": "stderr", "source": "081a324d-05e8-4df3-ad75-f2608760ffae-attachment.txt", "type": "text/plain"}], "start": 1642584347114, "stop": 1642584385266, "uuid": "ab98251f-b4e5-42a4-a8fd-1adebe5631db", "historyId": "33db78b2e86a57f568fe443c59d10b61", "testCaseId": "ae5dab0975b2714e92abd08632f8cb8a", "fullName": "tests.automationtesting_tests.test_homepage.TestHomePage#test1_homepage_with_three_sliders_only", "labels": [{"name": "parentSuite", "value": "tests.automationtesting_tests"}, {"name": "suite", "value": "test_homepage"}, {"name": "subSuite", "value": "TestHomePage"}, {"name": "host", "value": "MTPL-1558.local"}, {"name": "thread", "value": "69733-MainThread"}, {"name": "framework", "value": "pytest"}, {"name": "language", "value": "cpython3"}, {"name": "package", "value": "tests.automationtesting_tests.test_homepage"}]}