{"name": "Home page - Arrivals-Add to Basket with more books", "status": "failed", "statusDetails": {"message": "AssertionError: True\nassert 'Selenium Ruby' in []", "trace": "self = <tests.automationtesting_tests.test_homepage.TestHomePage object at 0x1072f8b90>\n\n    @allure.title(\"Home page - Arrivals-Add to Basket with more books\")\n    @allure.description(\"1) Open the browser\\n\" +\n                        \"2) Enter the URL “http://practice.automationtesting.in/”\\n\" +\n                        \"3) Click on Shop Menu\\n\" +\n                        \"4) Now click on Home menu button\\n\" +\n                        \"5) Test whether the Home page has Three Arrivals only\\n\" +\n                        \"6) The Home page must contains only three Arrivals\\n\" +\n                        \"7) Now click the image in the Arrivals\\n\" +\n                        \"8) Test whether it is navigating to next page where the user can add that book into his basket.\\n\" +\n                        \"9) Image should be clickable and should navigate to next page where user can add that book to his basket\\n\" +\n                        \"10) Click on the Add To Basket button which adds that book to your basket\\n\" +\n                        \"11) User can view that Book in the Menu item with price.\\n\" +\n                        \"12) User can add a book by clicking on Add To Basket button which adds that book in to his Basket\\n\"+\n                        \"13) Select more books than the books in stock.Ex if the stock has 20 books, try to add 21.\\n\"+\n                        \"14) Click the add to basket button\\n\"\n                        \"15) Now it throws an error prompt like you must enter a value between 1 and 20\")\n    def test7_homepage_arrivals_add_to_basket_with_more_books(self):\n        homepage = HomePage(self.driver)\n        productpage = ProductPage(self.driver)\n        basketpage = BasketPage(self.driver)\n        homepage.open()\n        homepage.click_on_shop_menu()\n        homepage.click_on_home_menu_button()\n        homepage.scroll_to_arrivals_images()\n        arrivals_count = homepage.get_arrivals_count()\n        assert (arrivals_count, 3)\n    \n        basket_price = productpage.get_basket_price()\n        homepage.open_selenium_ruby_arrival_add_to_basket()\n        assert (basket_price + productpage.get_product_price(), productpage.get_basket_price())\n        product_name = productpage.get_product_name()\n        product_stock = productpage.get_product_stock()\n        productpage.click_basket_price()\n        basket_items = basketpage.get_basket_items()\n>       assert product_name in basket_items, True\nE       AssertionError: True\nE       assert 'Selenium Ruby' in []\n\ntests/automationtesting_tests/test_homepage.py:250: AssertionError"}, "description": "1) Open the browser\n2) Enter the URL “http://practice.automationtesting.in/”\n3) Click on Shop Menu\n4) Now click on Home menu button\n5) Test whether the Home page has Three Arrivals only\n6) The Home page must contains only three Arrivals\n7) Now click the image in the Arrivals\n8) Test whether it is navigating to next page where the user can add that book into his basket.\n9) Image should be clickable and should navigate to next page where user can add that book to his basket\n10) Click on the Add To Basket button which adds that book to your basket\n11) User can view that Book in the Menu item with price.\n12) User can add a book by clicking on Add To Basket button which adds that book in to his Basket\n13) Select more books than the books in stock.Ex if the stock has 20 books, try to add 21.\n14) Click the add to basket button\n15) Now it throws an error prompt like you must enter a value between 1 and 20", "steps": [{"name": "Enter the URL “http://practice.automationtesting.in/”", "status": "passed", "start": 1642584572040, "stop": 1642584589223}, {"name": "Click on Shop Menu", "status": "passed", "start": 1642584589223, "stop": 1642584595013}, {"name": "Now click on Home menu button", "status": "passed", "start": 1642584595013, "stop": 1642584596110}, {"name": "Scroll to arrivals images", "status": "passed", "start": 1642584596110, "stop": 1642584596176}, {"name": "Get new arrivals count from home screen", "status": "passed", "start": 1642584596176, "stop": 1642584596200}, {"name": "Get basket price", "status": "passed", "start": 1642584596200, "stop": 1642584596221}, {"name": "Open Selenium ryby book and add to basket", "status": "passed", "steps": [{"name": "Click add to basket button", "status": "passed", "start": 1642584597641, "stop": 1642584598736}, {"name": "Get success message", "status": "passed", "start": 1642584598736, "stop": 1642584598771}], "start": 1642584596222, "stop": 1642584598786}, {"name": "Get product price", "status": "passed", "start": 1642584598786, "stop": 1642584598804}, {"name": "Get basket price", "status": "passed", "start": 1642584598804, "stop": 1642584598823}, {"name": "Get product name from product page", "status": "passed", "start": 1642584598823, "stop": 1642584598833}, {"name": "Get product stock", "status": "passed", "start": 1642584598833, "stop": 1642584598852}, {"name": "Click on basket price menu", "status": "passed", "start": 1642584598852, "stop": 1642584598890}, {"name": "Get basket items list", "status": "passed", "start": 1642584598891, "stop": 1642584608943}], "attachments": [{"name": "log", "source": "69561f9c-c402-4133-a678-a4e1b8a41a9a-attachment.txt", "type": "text/plain"}, {"name": "stdout", "source": "fa3ff600-fcac-4c58-ac8b-438b90bcad8b-attachment.txt", "type": "text/plain"}, {"name": "stderr", "source": "298bd0e8-cb9e-45ef-a06a-0a43277af702-attachment.txt", "type": "text/plain"}], "start": 1642584572039, "stop": 1642584608954, "uuid": "860c82ec-8261-4d6e-b113-67aa3a54c937", "historyId": "cf3bca4ab7fda8355c3a07da30e80cd5", "testCaseId": "7d004de597bb4be6eae3a1c0be96d7b5", "fullName": "tests.automationtesting_tests.test_homepage.TestHomePage#test7_homepage_arrivals_add_to_basket_with_more_books", "labels": [{"name": "parentSuite", "value": "tests.automationtesting_tests"}, {"name": "suite", "value": "test_homepage"}, {"name": "subSuite", "value": "TestHomePage"}, {"name": "host", "value": "MTPL-1558.local"}, {"name": "thread", "value": "69733-MainThread"}, {"name": "framework", "value": "pytest"}, {"name": "language", "value": "cpython3"}, {"name": "package", "value": "tests.automationtesting_tests.test_homepage"}]}